<?xml version="1.0" encoding="UTF-8"?>
<testsuite xmlns:xsi="http://www.w3.org/2001/XMLSchema-instance" xsi:noNamespaceSchemaLocation="https://maven.apache.org/surefire/maven-surefire-plugin/xsd/surefire-test-report-3.0.xsd" version="3.0" name="com.yeahmobi.everything.auth.AuthServiceInvalidCodePropertyTest" time="0.047" tests="2" errors="0" skipped="0" failures="0">
  <properties>
[...]
</properties>
  <testcase name="registerWithWrongCode shouldFailAndNotCreateUser" classname="com.yeahmobi.everything.auth.AuthServiceInvalidCodePropertyTest" time="0.025">
    <system-out><![CDATA[timestamp = 2026-02-26T16:59:49.557916, AuthServiceInvalidCodePropertyTest:registerWithWrongCode shouldFailAndNotCreateUser = 
                              |-----------------------jqwik-----------------------
tries = 100                   | # of calls to property
checks = 100                  | # of not rejected calls
generation = RANDOMIZED       | parameters are randomly generated
after-failure = SAMPLE_FIRST  | try previously failed sample, then previous seed
when-fixed-seed = ALLOW       | fixing the random seed is allowed
edge-cases#mode = MIXIN       | edge cases are mixed in
edge-cases#total = 144        | # of all combined edge cases
edge-cases#tried = 26         | # of edge cases tried in current run
seed = -8357492824792279548   | random seed to reproduce generated values


]]></system-out>
    <system-err><![CDATA[2月 26, 2026 4:59:49 下午 net.jqwik.engine.properties.RandomizedShrinkablesGenerator logEdgeCasesOutnumberTriesIfApplicable
信息: Edge case generation exceeds number of tries. Stopped after 144 generated cases.
2月 26, 2026 4:59:49 下午 com.yeahmobi.everything.auth.AuthServiceImpl sendVerificationCode
信息: 【EmailService 未配置，控制台输出】验证码: JI610GquiK@test.org -> 870356
2月 26, 2026 4:59:49 下午 com.yeahmobi.everything.auth.AuthServiceImpl sendVerificationCode
信息: 【EmailService 未配置，控制台输出】验证码: 1ph9C8bIhwr@corp.io -> 573728
2月 26, 2026 4:59:49 下午 com.yeahmobi.everything.auth.AuthServiceImpl sendVerificationCode
信息: 【EmailService 未配置，控制台输出】验证码: a@example.com -> 163800
2月 26, 2026 4:59:49 下午 com.yeahmobi.everything.auth.AuthServiceImpl sendVerificationCode
信息: 【EmailService 未配置，控制台输出】验证码: W9EXBb@corp.io -> 982276
2月 26, 2026 4:59:49 下午 com.yeahmobi.everything.auth.AuthServiceImpl sendVerificationCode
信息: 【EmailService 未配置，控制台输出】验证码: 7kD@corp.io -> 346022
2月 26, 2026 4:59:49 下午 com.yeahmobi.everything.auth.AuthServiceImpl sendVerificationCode
信息: 【EmailService 未配置，控制台输出】验证码: A@example.com -> 859141
2月 26, 2026 4:59:49 下午 com.yeahmobi.everything.auth.AuthServiceImpl sendVerificationCode
信息: 【EmailService 未配置，控制台输出】验证码: 8Jomq@corp.io -> 233720
2月 26, 2026 4:59:49 下午 com.yeahmobi.everything.auth.AuthServiceImpl sendVerificationCode
信息: 【EmailService 未配置，控制台输出】验证码: fag0Ym7AM1@yeahmobi.com -> 519060
2月 26, 2026 4:59:49 下午 com.yeahmobi.everything.auth.AuthServiceImpl sendVerificationCode
信息: 【EmailService 未配置，控制台输出】验证码: A@example.com -> 316324
2月 26, 2026 4:59:49 下午 com.yeahmobi.everything.auth.AuthServiceImpl sendVerificationCode
信息: 【EmailService 未配置，控制台输出】验证码: A@example.com -> 890132
2月 26, 2026 4:59:49 下午 com.yeahmobi.everything.auth.AuthServiceImpl sendVerificationCode
信息: 【EmailService 未配置，控制台输出】验证码: p1x9@example.com -> 341708
2月 26, 2026 4:59:49 下午 com.yeahmobi.everything.auth.AuthServiceImpl sendVerificationCode
信息: 【EmailService 未配置，控制台输出】验证码: sMNJoFVUvg0oEjXNqQxi@yeahmobi.com -> 176338
2月 26, 2026 4:59:49 下午 com.yeahmobi.everything.auth.AuthServiceImpl sendVerificationCode
信息: 【EmailService 未配置，控制台输出】验证码: Fmat5OP4P@example.com -> 653156
2月 26, 2026 4:59:49 下午 com.yeahmobi.everything.auth.AuthServiceImpl sendVerificationCode
信息: 【EmailService 未配置，控制台输出】验证码: A@example.com -> 426836
2月 26, 2026 4:59:49 下午 com.yeahmobi.everything.auth.AuthServiceImpl sendVerificationCode
信息: 【EmailService 未配置，控制台输出】验证码: tKIuMgeiswB@example.com -> 762114
2月 26, 2026 4:59:49 下午 com.yeahmobi.everything.auth.AuthServiceImpl sendVerificationCode
信息: 【EmailService 未配置，控制台输出】验证码: mz@example.com -> 991025
2月 26, 2026 4:59:49 下午 com.yeahmobi.everything.auth.AuthServiceImpl sendVerificationCode
信息: 【EmailService 未配置，控制台输出】验证码: Oi3ly@corp.io -> 285096
2月 26, 2026 4:59:49 下午 com.yeahmobi.everything.auth.AuthServiceImpl sendVerificationCode
信息: 【EmailService 未配置，控制台输出】验证码: ypxfhUNDnQO@mail.cn -> 634030
2月 26, 2026 4:59:49 下午 com.yeahmobi.everything.auth.AuthServiceImpl sendVerificationCode
信息: 【EmailService 未配置，控制台输出】验证码: p@test.org -> 174170
2月 26, 2026 4:59:49 下午 com.yeahmobi.everything.auth.AuthServiceImpl sendVerificationCode
信息: 【EmailService 未配置，控制台输出】验证码: yrIGu5UfOn4Un@example.com -> 477889
2月 26, 2026 4:59:49 下午 com.yeahmobi.everything.auth.AuthServiceImpl sendVerificationCode
信息: 【EmailService 未配置，控制台输出】验证码: 2bHrjLJIXtO@yeahmobi.com -> 654556
2月 26, 2026 4:59:49 下午 com.yeahmobi.everything.auth.AuthServiceImpl sendVerificationCode
信息: 【EmailService 未配置，控制台输出】验证码: 4@test.org -> 186551
2月 26, 2026 4:59:49 下午 com.yeahmobi.everything.auth.AuthServiceImpl sendVerificationCode
信息: 【EmailService 未配置，控制台输出】验证码: OMMwG@example.com -> 964990
2月 26, 2026 4:59:49 下午 com.yeahmobi.everything.auth.AuthServiceImpl sendVerificationCode
信息: 【EmailService 未配置，控制台输出】验证码: TEA0pvVZyx@mail.cn -> 246663
2月 26, 2026 4:59:49 下午 com.yeahmobi.everything.auth.AuthServiceImpl sendVerificationCode
信息: 【EmailService 未配置，控制台输出】验证码: H4I1Itn4xF@corp.io -> 605621
2月 26, 2026 4:59:49 下午 com.yeahmobi.everything.auth.AuthServiceImpl sendVerificationCode
信息: 【EmailService 未配置，控制台输出】验证码: qRD8Crgz97a@test.org -> 706515
2月 26, 2026 4:59:49 下午 com.yeahmobi.everything.auth.AuthServiceImpl sendVerificationCode
信息: 【EmailService 未配置，控制台输出】验证码: A@example.com -> 602401
2月 26, 2026 4:59:49 下午 com.yeahmobi.everything.auth.AuthServiceImpl sendVerificationCode
信息: 【EmailService 未配置，控制台输出】验证码: A@example.com -> 319262
2月 26, 2026 4:59:49 下午 com.yeahmobi.everything.auth.AuthServiceImpl sendVerificationCode
信息: 【EmailService 未配置，控制台输出】验证码: A@example.com -> 728349
2月 26, 2026 4:59:49 下午 com.yeahmobi.everything.auth.AuthServiceImpl sendVerificationCode
信息: 【EmailService 未配置，控制台输出】验证码: s7bqLV@corp.io -> 117393
2月 26, 2026 4:59:49 下午 com.yeahmobi.everything.auth.AuthServiceImpl sendVerificationCode
信息: 【EmailService 未配置，控制台输出】验证码: FkwqaMjKx6P@example.com -> 501832
2月 26, 2026 4:59:49 下午 com.yeahmobi.everything.auth.AuthServiceImpl sendVerificationCode
信息: 【EmailService 未配置，控制台输出】验证码: AHXt69xDj1YhbU@yeahmobi.com -> 498195
2月 26, 2026 4:59:49 下午 com.yeahmobi.everything.auth.AuthServiceImpl sendVerificationCode
信息: 【EmailService 未配置，控制台输出】验证码: lkfWYWMfZa@mail.cn -> 845488
2月 26, 2026 4:59:49 下午 com.yeahmobi.everything.auth.AuthServiceImpl sendVerificationCode
信息: 【EmailService 未配置，控制台输出】验证码: A@example.com -> 376625
2月 26, 2026 4:59:49 下午 com.yeahmobi.everything.auth.AuthServiceImpl sendVerificationCode
信息: 【EmailService 未配置，控制台输出】验证码: a@example.com -> 910787
2月 26, 2026 4:59:49 下午 com.yeahmobi.everything.auth.AuthServiceImpl sendVerificationCode
信息: 【EmailService 未配置，控制台输出】验证码: qhUn2tc0evSk0R7I@test.org -> 415499
2月 26, 2026 4:59:49 下午 com.yeahmobi.everything.auth.AuthServiceImpl sendVerificationCode
信息: 【EmailService 未配置，控制台输出】验证码: A@example.com -> 991000
2月 26, 2026 4:59:49 下午 com.yeahmobi.everything.auth.AuthServiceImpl sendVerificationCode
信息: 【EmailService 未配置，控制台输出】验证码: eoAEH5rw@corp.io -> 453254
2月 26, 2026 4:59:49 下午 com.yeahmobi.everything.auth.AuthServiceImpl sendVerificationCode
信息: 【EmailService 未配置，控制台输出】验证码: fWRT6oNVy@corp.io -> 186893
2月 26, 2026 4:59:49 下午 com.yeahmobi.everything.auth.AuthServiceImpl sendVerificationCode
信息: 【EmailService 未配置，控制台输出】验证码: A@example.com -> 347868
2月 26, 2026 4:59:49 下午 com.yeahmobi.everything.auth.AuthServiceImpl sendVerificationCode
信息: 【EmailService 未配置，控制台输出】验证码: Blei6SnUGcGQMo@test.org -> 396250
2月 26, 2026 4:59:49 下午 com.yeahmobi.everything.auth.AuthServiceImpl sendVerificationCode
信息: 【EmailService 未配置，控制台输出】验证码: JZPIR@example.com -> 549989
2月 26, 2026 4:59:49 下午 com.yeahmobi.everything.auth.AuthServiceImpl sendVerificationCode
信息: 【EmailService 未配置，控制台输出】验证码: A@example.com -> 351066
2月 26, 2026 4:59:49 下午 com.yeahmobi.everything.auth.AuthServiceImpl sendVerificationCode
信息: 【EmailService 未配置，控制台输出】验证码: A@example.com -> 518118
2月 26, 2026 4:59:49 下午 com.yeahmobi.everything.auth.AuthServiceImpl sendVerificationCode
信息: 【EmailService 未配置，控制台输出】验证码: A@example.com -> 869374
2月 26, 2026 4:59:49 下午 com.yeahmobi.everything.auth.AuthServiceImpl sendVerificationCode
信息: 【EmailService 未配置，控制台输出】验证码: A@mail.cn -> 630110
2月 26, 2026 4:59:49 下午 com.yeahmobi.everything.auth.AuthServiceImpl sendVerificationCode
信息: 【EmailService 未配置，控制台输出】验证码: ESuPRos@test.org -> 956030
2月 26, 2026 4:59:49 下午 com.yeahmobi.everything.auth.AuthServiceImpl sendVerificationCode
信息: 【EmailService 未配置，控制台输出】验证码: HvnVCY3h@test.org -> 815738
2月 26, 2026 4:59:49 下午 com.yeahmobi.everything.auth.AuthServiceImpl sendVerificationCode
信息: 【EmailService 未配置，控制台输出】验证码: OUUotHpeqAc@test.org -> 226071
2月 26, 2026 4:59:49 下午 com.yeahmobi.everything.auth.AuthServiceImpl sendVerificationCode
信息: 【EmailService 未配置，控制台输出】验证码: 0@mail.cn -> 898799
2月 26, 2026 4:59:49 下午 com.yeahmobi.everything.auth.AuthServiceImpl sendVerificationCode
信息: 【EmailService 未配置，控制台输出】验证码: A@mail.cn -> 422240
2月 26, 2026 4:59:49 下午 com.yeahmobi.everything.auth.AuthServiceImpl sendVerificationCode
信息: 【EmailService 未配置，控制台输出】验证码: A@mail.cn -> 359987
2月 26, 2026 4:59:49 下午 com.yeahmobi.everything.auth.AuthServiceImpl sendVerificationCode
信息: 【EmailService 未配置，控制台输出】验证码: A@mail.cn -> 805959
2月 26, 2026 4:59:49 下午 com.yeahmobi.everything.auth.AuthServiceImpl sendVerificationCode
信息: 【EmailService 未配置，控制台输出】验证码: DnAnrgjei13r@corp.io -> 505797
2月 26, 2026 4:59:49 下午 com.yeahmobi.everything.auth.AuthServiceImpl sendVerificationCode
信息: 【EmailService 未配置，控制台输出】验证码: to@test.org -> 158216
2月 26, 2026 4:59:49 下午 com.yeahmobi.everything.auth.AuthServiceImpl sendVerificationCode
信息: 【EmailService 未配置，控制台输出】验证码: A@mail.cn -> 597840
2月 26, 2026 4:59:49 下午 com.yeahmobi.everything.auth.AuthServiceImpl sendVerificationCode
信息: 【EmailService 未配置，控制台输出】验证码: A@mail.cn -> 987624
2月 26, 2026 4:59:49 下午 com.yeahmobi.everything.auth.AuthServiceImpl sendVerificationCode
信息: 【EmailService 未配置，控制台输出】验证码: Z@example.com -> 981631
2月 26, 2026 4:59:49 下午 com.yeahmobi.everything.auth.AuthServiceImpl sendVerificationCode
信息: 【EmailService 未配置，控制台输出】验证码: A@mail.cn -> 300333
2月 26, 2026 4:59:49 下午 com.yeahmobi.everything.auth.AuthServiceImpl sendVerificationCode
信息: 【EmailService 未配置，控制台输出】验证码: t4oJ@example.com -> 576095
2月 26, 2026 4:59:49 下午 com.yeahmobi.everything.auth.AuthServiceImpl sendVerificationCode
信息: 【EmailService 未配置，控制台输出】验证码: DAOwgt@test.org -> 897643
2月 26, 2026 4:59:49 下午 com.yeahmobi.everything.auth.AuthServiceImpl sendVerificationCode
信息: 【EmailService 未配置，控制台输出】验证码: Yq@example.com -> 593266
2月 26, 2026 4:59:49 下午 com.yeahmobi.everything.auth.AuthServiceImpl sendVerificationCode
信息: 【EmailService 未配置，控制台输出】验证码: J2v@test.org -> 278339
2月 26, 2026 4:59:49 下午 com.yeahmobi.everything.auth.AuthServiceImpl sendVerificationCode
信息: 【EmailService 未配置，控制台输出】验证码: 4VXHCBQ@example.com -> 751990
2月 26, 2026 4:59:49 下午 com.yeahmobi.everything.auth.AuthServiceImpl sendVerificationCode
信息: 【EmailService 未配置，控制台输出】验证码: 5@test.org -> 494089
2月 26, 2026 4:59:49 下午 com.yeahmobi.everything.auth.AuthServiceImpl sendVerificationCode
信息: 【EmailService 未配置，控制台输出】验证码: ae@yeahmobi.com -> 406635
2月 26, 2026 4:59:49 下午 com.yeahmobi.everything.auth.AuthServiceImpl sendVerificationCode
信息: 【EmailService 未配置，控制台输出】验证码: 0@mail.cn -> 637154
2月 26, 2026 4:59:49 下午 com.yeahmobi.everything.auth.AuthServiceImpl sendVerificationCode
信息: 【EmailService 未配置，控制台输出】验证码: 9tSsDy@corp.io -> 509964
2月 26, 2026 4:59:49 下午 com.yeahmobi.everything.auth.AuthServiceImpl sendVerificationCode
信息: 【EmailService 未配置，控制台输出】验证码: Z@mail.cn -> 493426
2月 26, 2026 4:59:49 下午 com.yeahmobi.everything.auth.AuthServiceImpl sendVerificationCode
信息: 【EmailService 未配置，控制台输出】验证码: XGTV5Iw7@corp.io -> 973331
2月 26, 2026 4:59:49 下午 com.yeahmobi.everything.auth.AuthServiceImpl sendVerificationCode
信息: 【EmailService 未配置，控制台输出】验证码: 1PHiUuYLpNvyesXvB3Rh@corp.io -> 422966
2月 26, 2026 4:59:49 下午 com.yeahmobi.everything.auth.AuthServiceImpl sendVerificationCode
信息: 【EmailService 未配置，控制台输出】验证码: lv6zh@mail.cn -> 533501
2月 26, 2026 4:59:49 下午 com.yeahmobi.everything.auth.AuthServiceImpl sendVerificationCode
信息: 【EmailService 未配置，控制台输出】验证码: gxTqHGr@mail.cn -> 101184
2月 26, 2026 4:59:49 下午 com.yeahmobi.everything.auth.AuthServiceImpl sendVerificationCode
信息: 【EmailService 未配置，控制台输出】验证码: A@mail.cn -> 516608
2月 26, 2026 4:59:49 下午 com.yeahmobi.everything.auth.AuthServiceImpl sendVerificationCode
信息: 【EmailService 未配置，控制台输出】验证码: A@mail.cn -> 572208
2月 26, 2026 4:59:49 下午 com.yeahmobi.everything.auth.AuthServiceImpl sendVerificationCode
信息: 【EmailService 未配置，控制台输出】验证码: A@mail.cn -> 840482
2月 26, 2026 4:59:49 下午 com.yeahmobi.everything.auth.AuthServiceImpl sendVerificationCode
信息: 【EmailService 未配置，控制台输出】验证码: aMEksH4@test.org -> 301470
2月 26, 2026 4:59:49 下午 com.yeahmobi.everything.auth.AuthServiceImpl sendVerificationCode
信息: 【EmailService 未配置，控制台输出】验证码: vp38Ni6@corp.io -> 577939
2月 26, 2026 4:59:49 下午 com.yeahmobi.everything.auth.AuthServiceImpl sendVerificationCode
信息: 【EmailService 未配置，控制台输出】验证码: 9@mail.cn -> 525677
2月 26, 2026 4:59:49 下午 com.yeahmobi.everything.auth.AuthServiceImpl sendVerificationCode
信息: 【EmailService 未配置，控制台输出】验证码: f2QFY6B@test.org -> 528077
2月 26, 2026 4:59:49 下午 com.yeahmobi.everything.auth.AuthServiceImpl sendVerificationCode
信息: 【EmailService 未配置，控制台输出】验证码: 0@mail.cn -> 958078
2月 26, 2026 4:59:49 下午 com.yeahmobi.everything.auth.AuthServiceImpl sendVerificationCode
信息: 【EmailService 未配置，控制台输出】验证码: ZAUFVkMHiJ@yeahmobi.com -> 399457
2月 26, 2026 4:59:49 下午 com.yeahmobi.everything.auth.AuthServiceImpl sendVerificationCode
信息: 【EmailService 未配置，控制台输出】验证码: G@test.org -> 926879
2月 26, 2026 4:59:49 下午 com.yeahmobi.everything.auth.AuthServiceImpl sendVerificationCode
信息: 【EmailService 未配置，控制台输出】验证码: 0@example.com -> 288916
2月 26, 2026 4:59:49 下午 com.yeahmobi.everything.auth.AuthServiceImpl sendVerificationCode
信息: 【EmailService 未配置，控制台输出】验证码: mSM97pRZbR@example.com -> 680872
2月 26, 2026 4:59:49 下午 com.yeahmobi.everything.auth.AuthServiceImpl sendVerificationCode
信息: 【EmailService 未配置，控制台输出】验证码: PeqYavYeTa@example.com -> 559967
2月 26, 2026 4:59:49 下午 com.yeahmobi.everything.auth.AuthServiceImpl sendVerificationCode
信息: 【EmailService 未配置，控制台输出】验证码: oNTlD0O@example.com -> 753636
2月 26, 2026 4:59:49 下午 com.yeahmobi.everything.auth.AuthServiceImpl sendVerificationCode
信息: 【EmailService 未配置，控制台输出】验证码: A@mail.cn -> 654137
2月 26, 2026 4:59:49 下午 com.yeahmobi.everything.auth.AuthServiceImpl sendVerificationCode
信息: 【EmailService 未配置，控制台输出】验证码: A@mail.cn -> 115117
2月 26, 2026 4:59:49 下午 com.yeahmobi.everything.auth.AuthServiceImpl sendVerificationCode
信息: 【EmailService 未配置，控制台输出】验证码: Z@example.com -> 952580
2月 26, 2026 4:59:49 下午 com.yeahmobi.everything.auth.AuthServiceImpl sendVerificationCode
信息: 【EmailService 未配置，控制台输出】验证码: eAco7UnG@example.com -> 675037
2月 26, 2026 4:59:49 下午 com.yeahmobi.everything.auth.AuthServiceImpl sendVerificationCode
信息: 【EmailService 未配置，控制台输出】验证码: YRKit@example.com -> 190874
2月 26, 2026 4:59:49 下午 com.yeahmobi.everything.auth.AuthServiceImpl sendVerificationCode
信息: 【EmailService 未配置，控制台输出】验证码: suNe@test.org -> 818545
2月 26, 2026 4:59:49 下午 com.yeahmobi.everything.auth.AuthServiceImpl sendVerificationCode
信息: 【EmailService 未配置，控制台输出】验证码: NCR@test.org -> 390561
2月 26, 2026 4:59:49 下午 com.yeahmobi.everything.auth.AuthServiceImpl sendVerificationCode
信息: 【EmailService 未配置，控制台输出】验证码: 6rdGegL@corp.io -> 422024
2月 26, 2026 4:59:49 下午 com.yeahmobi.everything.auth.AuthServiceImpl sendVerificationCode
信息: 【EmailService 未配置，控制台输出】验证码: lV@example.com -> 631853
2月 26, 2026 4:59:49 下午 com.yeahmobi.everything.auth.AuthServiceImpl sendVerificationCode
信息: 【EmailService 未配置，控制台输出】验证码: Pf@yeahmobi.com -> 301218
2月 26, 2026 4:59:49 下午 com.yeahmobi.everything.auth.AuthServiceImpl sendVerificationCode
信息: 【EmailService 未配置，控制台输出】验证码: u@mail.cn -> 354673
2月 26, 2026 4:59:49 下午 com.yeahmobi.everything.auth.AuthServiceImpl sendVerificationCode
信息: 【EmailService 未配置，控制台输出】验证码: Z@example.com -> 109212
2月 26, 2026 4:59:49 下午 com.yeahmobi.everything.auth.AuthServiceImpl sendVerificationCode
信息: 【EmailService 未配置，控制台输出】验证码: Z@mail.cn -> 342980
]]></system-err>
  </testcase>
  <testcase name="registerWithExpiredCode shouldFailAndNotCreateUser" classname="com.yeahmobi.everything.auth.AuthServiceInvalidCodePropertyTest" time="0.021">
    <system-out><![CDATA[timestamp = 2026-02-26T16:59:49.579161, AuthServiceInvalidCodePropertyTest:registerWithExpiredCode shouldFailAndNotCreateUser = 
                              |-----------------------jqwik-----------------------
tries = 100                   | # of calls to property
checks = 100                  | # of not rejected calls
generation = RANDOMIZED       | parameters are randomly generated
after-failure = SAMPLE_FIRST  | try previously failed sample, then previous seed
when-fixed-seed = ALLOW       | fixing the random seed is allowed
edge-cases#mode = MIXIN       | edge cases are mixed in
edge-cases#total = 72         | # of all combined edge cases
edge-cases#tried = 18         | # of edge cases tried in current run
seed = -7875112055693653595   | random seed to reproduce generated values


]]></system-out>
    <system-err><![CDATA[2月 26, 2026 4:59:49 下午 com.yeahmobi.everything.auth.AuthServiceImpl sendVerificationCode
信息: 【EmailService 未配置，控制台输出】验证码: M@mail.cn -> 116609
2月 26, 2026 4:59:49 下午 com.yeahmobi.everything.auth.AuthServiceImpl sendVerificationCode
信息: 【EmailService 未配置，控制台输出】验证码: A@example.com -> 750037
2月 26, 2026 4:59:49 下午 com.yeahmobi.everything.auth.AuthServiceImpl sendVerificationCode
信息: 【EmailService 未配置，控制台输出】验证码: gTZ@example.com -> 947984
2月 26, 2026 4:59:49 下午 com.yeahmobi.everything.auth.AuthServiceImpl sendVerificationCode
信息: 【EmailService 未配置，控制台输出】验证码: TR@yeahmobi.com -> 841155
2月 26, 2026 4:59:49 下午 com.yeahmobi.everything.auth.AuthServiceImpl sendVerificationCode
信息: 【EmailService 未配置，控制台输出】验证码: z@example.com -> 608846
2月 26, 2026 4:59:49 下午 com.yeahmobi.everything.auth.AuthServiceImpl sendVerificationCode
信息: 【EmailService 未配置，控制台输出】验证码: T3i3k1t@yeahmobi.com -> 523481
2月 26, 2026 4:59:49 下午 com.yeahmobi.everything.auth.AuthServiceImpl sendVerificationCode
信息: 【EmailService 未配置，控制台输出】验证码: 0s4gFOUw@yeahmobi.com -> 946469
2月 26, 2026 4:59:49 下午 com.yeahmobi.everything.auth.AuthServiceImpl sendVerificationCode
信息: 【EmailService 未配置，控制台输出】验证码: A@example.com -> 359025
2月 26, 2026 4:59:49 下午 com.yeahmobi.everything.auth.AuthServiceImpl sendVerificationCode
信息: 【EmailService 未配置，控制台输出】验证码: A@example.com -> 640673
2月 26, 2026 4:59:49 下午 com.yeahmobi.everything.auth.AuthServiceImpl sendVerificationCode
信息: 【EmailService 未配置，控制台输出】验证码: 0@mail.cn -> 503362
2月 26, 2026 4:59:49 下午 com.yeahmobi.everything.auth.AuthServiceImpl sendVerificationCode
信息: 【EmailService 未配置，控制台输出】验证码: TH@example.com -> 500709
2月 26, 2026 4:59:49 下午 com.yeahmobi.everything.auth.AuthServiceImpl sendVerificationCode
信息: 【EmailService 未配置，控制台输出】验证码: 2kZziJv4@mail.cn -> 815971
2月 26, 2026 4:59:49 下午 com.yeahmobi.everything.auth.AuthServiceImpl sendVerificationCode
信息: 【EmailService 未配置，控制台输出】验证码: 7@corp.io -> 349453
2月 26, 2026 4:59:49 下午 com.yeahmobi.everything.auth.AuthServiceImpl sendVerificationCode
信息: 【EmailService 未配置，控制台输出】验证码: pO3B@yeahmobi.com -> 263009
2月 26, 2026 4:59:49 下午 com.yeahmobi.everything.auth.AuthServiceImpl sendVerificationCode
信息: 【EmailService 未配置，控制台输出】验证码: dXcOe@example.com -> 143123
2月 26, 2026 4:59:49 下午 com.yeahmobi.everything.auth.AuthServiceImpl sendVerificationCode
信息: 【EmailService 未配置，控制台输出】验证码: A@example.com -> 295368
2月 26, 2026 4:59:49 下午 com.yeahmobi.everything.auth.AuthServiceImpl sendVerificationCode
信息: 【EmailService 未配置，控制台输出】验证码: tc9Eub@mail.cn -> 704405
2月 26, 2026 4:59:49 下午 com.yeahmobi.everything.auth.AuthServiceImpl sendVerificationCode
信息: 【EmailService 未配置，控制台输出】验证码: gMJOJylQsY5DUb@mail.cn -> 476226
2月 26, 2026 4:59:49 下午 com.yeahmobi.everything.auth.AuthServiceImpl sendVerificationCode
信息: 【EmailService 未配置，控制台输出】验证码: NTEkwtbF0@yeahmobi.com -> 629328
2月 26, 2026 4:59:49 下午 com.yeahmobi.everything.auth.AuthServiceImpl sendVerificationCode
信息: 【EmailService 未配置，控制台输出】验证码: A@example.com -> 946977
2月 26, 2026 4:59:49 下午 com.yeahmobi.everything.auth.AuthServiceImpl sendVerificationCode
信息: 【EmailService 未配置，控制台输出】验证码: A@example.com -> 867275
2月 26, 2026 4:59:49 下午 com.yeahmobi.everything.auth.AuthServiceImpl sendVerificationCode
信息: 【EmailService 未配置，控制台输出】验证码: FQ7E@corp.io -> 528704
2月 26, 2026 4:59:49 下午 com.yeahmobi.everything.auth.AuthServiceImpl sendVerificationCode
信息: 【EmailService 未配置，控制台输出】验证码: EyHJyKaImZh@corp.io -> 512447
2月 26, 2026 4:59:49 下午 com.yeahmobi.everything.auth.AuthServiceImpl sendVerificationCode
信息: 【EmailService 未配置，控制台输出】验证码: YzrK00mbWORRmF@test.org -> 830340
2月 26, 2026 4:59:49 下午 com.yeahmobi.everything.auth.AuthServiceImpl sendVerificationCode
信息: 【EmailService 未配置，控制台输出】验证码: 0i@corp.io -> 490777
2月 26, 2026 4:59:49 下午 com.yeahmobi.everything.auth.AuthServiceImpl sendVerificationCode
信息: 【EmailService 未配置，控制台输出】验证码: A@mail.cn -> 872715
2月 26, 2026 4:59:49 下午 com.yeahmobi.everything.auth.AuthServiceImpl sendVerificationCode
信息: 【EmailService 未配置，控制台输出】验证码: amb94QVLMLf7JrdDYjBq@test.org -> 375212
2月 26, 2026 4:59:49 下午 com.yeahmobi.everything.auth.AuthServiceImpl sendVerificationCode
信息: 【EmailService 未配置，控制台输出】验证码: YO@yeahmobi.com -> 590101
2月 26, 2026 4:59:49 下午 com.yeahmobi.everything.auth.AuthServiceImpl sendVerificationCode
信息: 【EmailService 未配置，控制台输出】验证码: qEkF@mail.cn -> 224374
2月 26, 2026 4:59:49 下午 com.yeahmobi.everything.auth.AuthServiceImpl sendVerificationCode
信息: 【EmailService 未配置，控制台输出】验证码: kE6@test.org -> 664133
2月 26, 2026 4:59:49 下午 com.yeahmobi.everything.auth.AuthServiceImpl sendVerificationCode
信息: 【EmailService 未配置，控制台输出】验证码: M0aUbpXIfBy4x6o@mail.cn -> 264498
2月 26, 2026 4:59:49 下午 com.yeahmobi.everything.auth.AuthServiceImpl sendVerificationCode
信息: 【EmailService 未配置，控制台输出】验证码: A@mail.cn -> 807431
2月 26, 2026 4:59:49 下午 com.yeahmobi.everything.auth.AuthServiceImpl sendVerificationCode
信息: 【EmailService 未配置，控制台输出】验证码: ZydddEB7yAo@yeahmobi.com -> 335376
2月 26, 2026 4:59:49 下午 com.yeahmobi.everything.auth.AuthServiceImpl sendVerificationCode
信息: 【EmailService 未配置，控制台输出】验证码: ZqNXJh@mail.cn -> 100615
2月 26, 2026 4:59:49 下午 com.yeahmobi.everything.auth.AuthServiceImpl sendVerificationCode
信息: 【EmailService 未配置，控制台输出】验证码: O7SLSb@mail.cn -> 400360
2月 26, 2026 4:59:49 下午 com.yeahmobi.everything.auth.AuthServiceImpl sendVerificationCode
信息: 【EmailService 未配置，控制台输出】验证码: HRDSf0HwNNtRxvArdXTg@yeahmobi.com -> 403076
2月 26, 2026 4:59:49 下午 com.yeahmobi.everything.auth.AuthServiceImpl sendVerificationCode
信息: 【EmailService 未配置，控制台输出】验证码: 8@test.org -> 194812
2月 26, 2026 4:59:49 下午 com.yeahmobi.everything.auth.AuthServiceImpl sendVerificationCode
信息: 【EmailService 未配置，控制台输出】验证码: gciUOP9N@corp.io -> 687664
2月 26, 2026 4:59:49 下午 com.yeahmobi.everything.auth.AuthServiceImpl sendVerificationCode
信息: 【EmailService 未配置，控制台输出】验证码: a@example.com -> 312212
2月 26, 2026 4:59:49 下午 com.yeahmobi.everything.auth.AuthServiceImpl sendVerificationCode
信息: 【EmailService 未配置，控制台输出】验证码: uMj1QXHM59@test.org -> 977010
2月 26, 2026 4:59:49 下午 com.yeahmobi.everything.auth.AuthServiceImpl sendVerificationCode
信息: 【EmailService 未配置，控制台输出】验证码: hc@test.org -> 422172
2月 26, 2026 4:59:49 下午 com.yeahmobi.everything.auth.AuthServiceImpl sendVerificationCode
信息: 【EmailService 未配置，控制台输出】验证码: Vb8aCX@mail.cn -> 295356
2月 26, 2026 4:59:49 下午 com.yeahmobi.everything.auth.AuthServiceImpl sendVerificationCode
信息: 【EmailService 未配置，控制台输出】验证码: Z@mail.cn -> 288487
2月 26, 2026 4:59:49 下午 com.yeahmobi.everything.auth.AuthServiceImpl sendVerificationCode
信息: 【EmailService 未配置，控制台输出】验证码: zNl2MDLk@corp.io -> 757281
2月 26, 2026 4:59:49 下午 com.yeahmobi.everything.auth.AuthServiceImpl sendVerificationCode
信息: 【EmailService 未配置，控制台输出】验证码: QK4@test.org -> 230866
2月 26, 2026 4:59:49 下午 com.yeahmobi.everything.auth.AuthServiceImpl sendVerificationCode
信息: 【EmailService 未配置，控制台输出】验证码: F4@test.org -> 632667
2月 26, 2026 4:59:49 下午 com.yeahmobi.everything.auth.AuthServiceImpl sendVerificationCode
信息: 【EmailService 未配置，控制台输出】验证码: kVYaZK1xjRw07hpV2@corp.io -> 912906
2月 26, 2026 4:59:49 下午 com.yeahmobi.everything.auth.AuthServiceImpl sendVerificationCode
信息: 【EmailService 未配置，控制台输出】验证码: 0kEkK@example.com -> 496361
2月 26, 2026 4:59:49 下午 com.yeahmobi.everything.auth.AuthServiceImpl sendVerificationCode
信息: 【EmailService 未配置，控制台输出】验证码: HjFuK8dCAIU@mail.cn -> 967137
2月 26, 2026 4:59:49 下午 com.yeahmobi.everything.auth.AuthServiceImpl sendVerificationCode
信息: 【EmailService 未配置，控制台输出】验证码: A@mail.cn -> 758600
2月 26, 2026 4:59:49 下午 com.yeahmobi.everything.auth.AuthServiceImpl sendVerificationCode
信息: 【EmailService 未配置，控制台输出】验证码: BTAX9x@test.org -> 300472
2月 26, 2026 4:59:49 下午 com.yeahmobi.everything.auth.AuthServiceImpl sendVerificationCode
信息: 【EmailService 未配置，控制台输出】验证码: A@mail.cn -> 897152
2月 26, 2026 4:59:49 下午 com.yeahmobi.everything.auth.AuthServiceImpl sendVerificationCode
信息: 【EmailService 未配置，控制台输出】验证码: SL1@yeahmobi.com -> 989145
2月 26, 2026 4:59:49 下午 com.yeahmobi.everything.auth.AuthServiceImpl sendVerificationCode
信息: 【EmailService 未配置，控制台输出】验证码: J2@yeahmobi.com -> 769758
2月 26, 2026 4:59:49 下午 com.yeahmobi.everything.auth.AuthServiceImpl sendVerificationCode
信息: 【EmailService 未配置，控制台输出】验证码: EEzX6ATf9@corp.io -> 839322
2月 26, 2026 4:59:49 下午 com.yeahmobi.everything.auth.AuthServiceImpl sendVerificationCode
信息: 【EmailService 未配置，控制台输出】验证码: A@mail.cn -> 872783
2月 26, 2026 4:59:49 下午 com.yeahmobi.everything.auth.AuthServiceImpl sendVerificationCode
信息: 【EmailService 未配置，控制台输出】验证码: qdPDtMoqFCd@yeahmobi.com -> 390098
2月 26, 2026 4:59:49 下午 com.yeahmobi.everything.auth.AuthServiceImpl sendVerificationCode
信息: 【EmailService 未配置，控制台输出】验证码: geMNh0tSZxh@test.org -> 352511
2月 26, 2026 4:59:49 下午 com.yeahmobi.everything.auth.AuthServiceImpl sendVerificationCode
信息: 【EmailService 未配置，控制台输出】验证码: 0@mail.cn -> 190794
2月 26, 2026 4:59:49 下午 com.yeahmobi.everything.auth.AuthServiceImpl sendVerificationCode
信息: 【EmailService 未配置，控制台输出】验证码: 3SEb35cfty@example.com -> 144419
2月 26, 2026 4:59:49 下午 com.yeahmobi.everything.auth.AuthServiceImpl sendVerificationCode
信息: 【EmailService 未配置，控制台输出】验证码: dFOQ@yeahmobi.com -> 629529
2月 26, 2026 4:59:49 下午 com.yeahmobi.everything.auth.AuthServiceImpl sendVerificationCode
信息: 【EmailService 未配置，控制台输出】验证码: A35F2VfY2atm@yeahmobi.com -> 464590
2月 26, 2026 4:59:49 下午 com.yeahmobi.everything.auth.AuthServiceImpl sendVerificationCode
信息: 【EmailService 未配置，控制台输出】验证码: EkU6HpeI@test.org -> 799370
2月 26, 2026 4:59:49 下午 com.yeahmobi.everything.auth.AuthServiceImpl sendVerificationCode
信息: 【EmailService 未配置，控制台输出】验证码: XmldPWoxQVY@test.org -> 759534
2月 26, 2026 4:59:49 下午 com.yeahmobi.everything.auth.AuthServiceImpl sendVerificationCode
信息: 【EmailService 未配置，控制台输出】验证码: A@mail.cn -> 900224
2月 26, 2026 4:59:49 下午 com.yeahmobi.everything.auth.AuthServiceImpl sendVerificationCode
信息: 【EmailService 未配置，控制台输出】验证码: 5iQBKm@example.com -> 415705
2月 26, 2026 4:59:49 下午 com.yeahmobi.everything.auth.AuthServiceImpl sendVerificationCode
信息: 【EmailService 未配置，控制台输出】验证码: Z@example.com -> 516600
2月 26, 2026 4:59:49 下午 com.yeahmobi.everything.auth.AuthServiceImpl sendVerificationCode
信息: 【EmailService 未配置，控制台输出】验证码: E4YZc75S@test.org -> 869446
2月 26, 2026 4:59:49 下午 com.yeahmobi.everything.auth.AuthServiceImpl sendVerificationCode
信息: 【EmailService 未配置，控制台输出】验证码: IJTjACEZb@yeahmobi.com -> 624797
2月 26, 2026 4:59:49 下午 com.yeahmobi.everything.auth.AuthServiceImpl sendVerificationCode
信息: 【EmailService 未配置，控制台输出】验证码: vbM0sOF@example.com -> 849717
2月 26, 2026 4:59:49 下午 com.yeahmobi.everything.auth.AuthServiceImpl sendVerificationCode
信息: 【EmailService 未配置，控制台输出】验证码: z@mail.cn -> 448684
2月 26, 2026 4:59:49 下午 com.yeahmobi.everything.auth.AuthServiceImpl sendVerificationCode
信息: 【EmailService 未配置，控制台输出】验证码: v4okNullI@mail.cn -> 339378
2月 26, 2026 4:59:49 下午 com.yeahmobi.everything.auth.AuthServiceImpl sendVerificationCode
信息: 【EmailService 未配置，控制台输出】验证码: L6b@yeahmobi.com -> 545527
2月 26, 2026 4:59:49 下午 com.yeahmobi.everything.auth.AuthServiceImpl sendVerificationCode
信息: 【EmailService 未配置，控制台输出】验证码: l7V2CzQZXn@corp.io -> 891902
2月 26, 2026 4:59:49 下午 com.yeahmobi.everything.auth.AuthServiceImpl sendVerificationCode
信息: 【EmailService 未配置，控制台输出】验证码: Z@example.com -> 396052
2月 26, 2026 4:59:49 下午 com.yeahmobi.everything.auth.AuthServiceImpl sendVerificationCode
信息: 【EmailService 未配置，控制台输出】验证码: 9@mail.cn -> 576925
2月 26, 2026 4:59:49 下午 com.yeahmobi.everything.auth.AuthServiceImpl sendVerificationCode
信息: 【EmailService 未配置，控制台输出】验证码: 3R@example.com -> 243854
2月 26, 2026 4:59:49 下午 com.yeahmobi.everything.auth.AuthServiceImpl sendVerificationCode
信息: 【EmailService 未配置，控制台输出】验证码: a@example.com -> 514038
2月 26, 2026 4:59:49 下午 com.yeahmobi.everything.auth.AuthServiceImpl sendVerificationCode
信息: 【EmailService 未配置，控制台输出】验证码: BmQrrR6@example.com -> 165161
2月 26, 2026 4:59:49 下午 com.yeahmobi.everything.auth.AuthServiceImpl sendVerificationCode
信息: 【EmailService 未配置，控制台输出】验证码: aa6@test.org -> 955497
2月 26, 2026 4:59:49 下午 com.yeahmobi.everything.auth.AuthServiceImpl sendVerificationCode
信息: 【EmailService 未配置，控制台输出】验证码: 0@mail.cn -> 501777
2月 26, 2026 4:59:49 下午 com.yeahmobi.everything.auth.AuthServiceImpl sendVerificationCode
信息: 【EmailService 未配置，控制台输出】验证码: pL1fLvtm@mail.cn -> 587294
2月 26, 2026 4:59:49 下午 com.yeahmobi.everything.auth.AuthServiceImpl sendVerificationCode
信息: 【EmailService 未配置，控制台输出】验证码: w@example.com -> 297582
2月 26, 2026 4:59:49 下午 com.yeahmobi.everything.auth.AuthServiceImpl sendVerificationCode
信息: 【EmailService 未配置，控制台输出】验证码: Z@example.com -> 278201
2月 26, 2026 4:59:49 下午 com.yeahmobi.everything.auth.AuthServiceImpl sendVerificationCode
信息: 【EmailService 未配置，控制台输出】验证码: gk@corp.io -> 496432
2月 26, 2026 4:59:49 下午 com.yeahmobi.everything.auth.AuthServiceImpl sendVerificationCode
信息: 【EmailService 未配置，控制台输出】验证码: Z@example.com -> 638345
2月 26, 2026 4:59:49 下午 com.yeahmobi.everything.auth.AuthServiceImpl sendVerificationCode
信息: 【EmailService 未配置，控制台输出】验证码: Z@example.com -> 979603
2月 26, 2026 4:59:49 下午 com.yeahmobi.everything.auth.AuthServiceImpl sendVerificationCode
信息: 【EmailService 未配置，控制台输出】验证码: mV@yeahmobi.com -> 274544
2月 26, 2026 4:59:49 下午 com.yeahmobi.everything.auth.AuthServiceImpl sendVerificationCode
信息: 【EmailService 未配置，控制台输出】验证码: Vf6azdj7sz92AaVPWWB3@test.org -> 801222
2月 26, 2026 4:59:49 下午 com.yeahmobi.everything.auth.AuthServiceImpl sendVerificationCode
信息: 【EmailService 未配置，控制台输出】验证码: 01nwGn@mail.cn -> 997648
2月 26, 2026 4:59:49 下午 com.yeahmobi.everything.auth.AuthServiceImpl sendVerificationCode
信息: 【EmailService 未配置，控制台输出】验证码: JTjNx@yeahmobi.com -> 666705
2月 26, 2026 4:59:49 下午 com.yeahmobi.everything.auth.AuthServiceImpl sendVerificationCode
信息: 【EmailService 未配置，控制台输出】验证码: Z@example.com -> 747490
2月 26, 2026 4:59:49 下午 com.yeahmobi.everything.auth.AuthServiceImpl sendVerificationCode
信息: 【EmailService 未配置，控制台输出】验证码: wncHN1@mail.cn -> 752169
2月 26, 2026 4:59:49 下午 com.yeahmobi.everything.auth.AuthServiceImpl sendVerificationCode
信息: 【EmailService 未配置，控制台输出】验证码: x46lgR@test.org -> 230484
2月 26, 2026 4:59:49 下午 com.yeahmobi.everything.auth.AuthServiceImpl sendVerificationCode
信息: 【EmailService 未配置，控制台输出】验证码: WU54i6@example.com -> 781607
2月 26, 2026 4:59:49 下午 com.yeahmobi.everything.auth.AuthServiceImpl sendVerificationCode
信息: 【EmailService 未配置，控制台输出】验证码: OUIAVQn@yeahmobi.com -> 591590
2月 26, 2026 4:59:49 下午 com.yeahmobi.everything.auth.AuthServiceImpl sendVerificationCode
信息: 【EmailService 未配置，控制台输出】验证码: jhDKVGBWov@corp.io -> 226490
2月 26, 2026 4:59:49 下午 com.yeahmobi.everything.auth.AuthServiceImpl sendVerificationCode
信息: 【EmailService 未配置，控制台输出】验证码: O@mail.cn -> 771157
2月 26, 2026 4:59:49 下午 com.yeahmobi.everything.auth.AuthServiceImpl sendVerificationCode
信息: 【EmailService 未配置，控制台输出】验证码: KV@example.com -> 922029
2月 26, 2026 4:59:49 下午 com.yeahmobi.everything.auth.AuthServiceImpl sendVerificationCode
信息: 【EmailService 未配置，控制台输出】验证码: 3b@example.com -> 784256
]]></system-err>
  </testcase>
</testsuite>