<?xml version="1.0" encoding="UTF-8"?>
<testsuite xmlns:xsi="http://www.w3.org/2001/XMLSchema-instance" xsi:noNamespaceSchemaLocation="https://maven.apache.org/surefire/maven-surefire-plugin/xsd/surefire-test-report-3.0.xsd" version="3.0" name="com.yeahmobi.everything.auth.AuthServicePropertyTest" time="0.058" tests="3" errors="0" skipped="0" failures="0">
  <properties>
[...]
</properties>
  <testcase name="loginWithWrongPassword returnsFailureWithNullSession" classname="com.yeahmobi.everything.auth.AuthServicePropertyTest" time="0.025">
    <system-out><![CDATA[timestamp = 2026-02-26T16:59:49.604726, AuthServicePropertyTest:loginWithWrongPassword returnsFailureWithNullSession = 
                              |-----------------------jqwik-----------------------
tries = 100                   | # of calls to property
checks = 96                   | # of not rejected calls
generation = RANDOMIZED       | parameters are randomly generated
after-failure = SAMPLE_FIRST  | try previously failed sample, then previous seed
when-fixed-seed = ALLOW       | fixing the random seed is allowed
edge-cases#mode = MIXIN       | edge cases are mixed in
edge-cases#total = 144        | # of all combined edge cases
edge-cases#tried = 14         | # of edge cases tried in current run
seed = -8817821387760000388   | random seed to reproduce generated values


]]></system-out>
    <system-err><![CDATA[2月 26, 2026 4:59:49 下午 net.jqwik.engine.properties.RandomizedShrinkablesGenerator logEdgeCasesOutnumberTriesIfApplicable
信息: Edge case generation exceeds number of tries. Stopped after 144 generated cases.
]]></system-err>
  </testcase>
  <testcase name="loginWithNonExistentEmail returnsFailureWithNullSession" classname="com.yeahmobi.everything.auth.AuthServicePropertyTest" time="0.012">
    <system-out><![CDATA[timestamp = 2026-02-26T16:59:49.616426, AuthServicePropertyTest:loginWithNonExistentEmail returnsFailureWithNullSession = 
                              |-----------------------jqwik-----------------------
tries = 100                   | # of calls to property
checks = 100                  | # of not rejected calls
generation = RANDOMIZED       | parameters are randomly generated
after-failure = SAMPLE_FIRST  | try previously failed sample, then previous seed
when-fixed-seed = ALLOW       | fixing the random seed is allowed
edge-cases#mode = MIXIN       | edge cases are mixed in
edge-cases#total = 72         | # of all combined edge cases
edge-cases#tried = 18         | # of edge cases tried in current run
seed = -7631503161264256222   | random seed to reproduce generated values


]]></system-out>
  </testcase>
  <testcase name="loginWithValidCredentials returnsSuccessWithEmailSession" classname="com.yeahmobi.everything.auth.AuthServicePropertyTest" time="0.02">
    <system-out><![CDATA[timestamp = 2026-02-26T16:59:49.636769, AuthServicePropertyTest:loginWithValidCredentials returnsSuccessWithEmailSession = 
                              |-----------------------jqwik-----------------------
tries = 100                   | # of calls to property
checks = 100                  | # of not rejected calls
generation = RANDOMIZED       | parameters are randomly generated
after-failure = SAMPLE_FIRST  | try previously failed sample, then previous seed
when-fixed-seed = ALLOW       | fixing the random seed is allowed
edge-cases#mode = MIXIN       | edge cases are mixed in
edge-cases#total = 72         | # of all combined edge cases
edge-cases#tried = 7          | # of edge cases tried in current run
seed = -5432458649118890884   | random seed to reproduce generated values


]]></system-out>
  </testcase>
</testsuite>