<?xml version="1.0" encoding="UTF-8"?>
<testsuite xmlns:xsi="http://www.w3.org/2001/XMLSchema-instance" xsi:noNamespaceSchemaLocation="https://maven.apache.org/surefire/maven-surefire-plugin/xsd/surefire-test-report-3.0.xsd" version="3.0" name="com.yeahmobi.everything.auth.AuthServiceRegisterLoginPropertyTest" time="0.03" tests="1" errors="0" skipped="0" failures="0">
  <properties>
[...]
</properties>
  <testcase name="registerThenLogin shouldSucceed" classname="com.yeahmobi.everything.auth.AuthServiceRegisterLoginPropertyTest" time="0.03">
    <system-out><![CDATA[timestamp = 2026-02-26T16:59:49.667550, AuthServiceRegisterLoginPropertyTest:registerThenLogin shouldSucceed = 
                              |-----------------------jqwik-----------------------
tries = 100                   | # of calls to property
checks = 100                  | # of not rejected calls
generation = RANDOMIZED       | parameters are randomly generated
after-failure = SAMPLE_FIRST  | try previously failed sample, then previous seed
when-fixed-seed = ALLOW       | fixing the random seed is allowed
edge-cases#mode = MIXIN       | edge cases are mixed in
edge-cases#total = 72         | # of all combined edge cases
edge-cases#tried = 12         | # of edge cases tried in current run
seed = 1899996959127536213    | random seed to reproduce generated values


]]></system-out>
    <system-err><![CDATA[2月 26, 2026 4:59:49 下午 com.yeahmobi.everything.auth.AuthServiceImpl sendVerificationCode
信息: 【EmailService 未配置，控制台输出】验证码: C0fvFzRA@mail.cn -> 271941
2月 26, 2026 4:59:49 下午 com.yeahmobi.everything.auth.AuthServiceImpl sendVerificationCode
信息: 【EmailService 未配置，控制台输出】验证码: tHIvhrRIH9k@corp.io -> 138648
2月 26, 2026 4:59:49 下午 com.yeahmobi.everything.auth.AuthServiceImpl sendVerificationCode
信息: 【EmailService 未配置，控制台输出】验证码: qVXgErFCvwG0s@example.com -> 444853
2月 26, 2026 4:59:49 下午 com.yeahmobi.everything.auth.AuthServiceImpl sendVerificationCode
信息: 【EmailService 未配置，控制台输出】验证码: JM3wE@test.org -> 411748
2月 26, 2026 4:59:49 下午 com.yeahmobi.everything.auth.AuthServiceImpl sendVerificationCode
信息: 【EmailService 未配置，控制台输出】验证码: T@mail.cn -> 120080
2月 26, 2026 4:59:49 下午 com.yeahmobi.everything.auth.AuthServiceImpl sendVerificationCode
信息: 【EmailService 未配置，控制台输出】验证码: A@example.com -> 498055
2月 26, 2026 4:59:49 下午 com.yeahmobi.everything.auth.AuthServiceImpl sendVerificationCode
信息: 【EmailService 未配置，控制台输出】验证码: A@example.com -> 877100
2月 26, 2026 4:59:49 下午 com.yeahmobi.everything.auth.AuthServiceImpl sendVerificationCode
信息: 【EmailService 未配置，控制台输出】验证码: dxhS3@corp.io -> 129008
2月 26, 2026 4:59:49 下午 com.yeahmobi.everything.auth.AuthServiceImpl sendVerificationCode
信息: 【EmailService 未配置，控制台输出】验证码: FOD93YoS@yeahmobi.com -> 914356
2月 26, 2026 4:59:49 下午 com.yeahmobi.everything.auth.AuthServiceImpl sendVerificationCode
信息: 【EmailService 未配置，控制台输出】验证码: WhwlYPB0Pf3k84cc90@test.org -> 546318
2月 26, 2026 4:59:49 下午 com.yeahmobi.everything.auth.AuthServiceImpl sendVerificationCode
信息: 【EmailService 未配置，控制台输出】验证码: C@corp.io -> 440915
2月 26, 2026 4:59:49 下午 com.yeahmobi.everything.auth.AuthServiceImpl sendVerificationCode
信息: 【EmailService 未配置，控制台输出】验证码: kIDo@example.com -> 868215
2月 26, 2026 4:59:49 下午 com.yeahmobi.everything.auth.AuthServiceImpl sendVerificationCode
信息: 【EmailService 未配置，控制台输出】验证码: 4X11uH@test.org -> 384826
2月 26, 2026 4:59:49 下午 com.yeahmobi.everything.auth.AuthServiceImpl sendVerificationCode
信息: 【EmailService 未配置，控制台输出】验证码: AtQ3@yeahmobi.com -> 843007
2月 26, 2026 4:59:49 下午 com.yeahmobi.everything.auth.AuthServiceImpl sendVerificationCode
信息: 【EmailService 未配置，控制台输出】验证码: A@example.com -> 569720
2月 26, 2026 4:59:49 下午 com.yeahmobi.everything.auth.AuthServiceImpl sendVerificationCode
信息: 【EmailService 未配置，控制台输出】验证码: mnh3KMtI@yeahmobi.com -> 904789
2月 26, 2026 4:59:49 下午 com.yeahmobi.everything.auth.AuthServiceImpl sendVerificationCode
信息: 【EmailService 未配置，控制台输出】验证码: 9@mail.cn -> 305283
2月 26, 2026 4:59:49 下午 com.yeahmobi.everything.auth.AuthServiceImpl sendVerificationCode
信息: 【EmailService 未配置，控制台输出】验证码: U189IUwHU@yeahmobi.com -> 277361
2月 26, 2026 4:59:49 下午 com.yeahmobi.everything.auth.AuthServiceImpl sendVerificationCode
信息: 【EmailService 未配置，控制台输出】验证码: oSp4FtYZnzg@example.com -> 235752
2月 26, 2026 4:59:49 下午 com.yeahmobi.everything.auth.AuthServiceImpl sendVerificationCode
信息: 【EmailService 未配置，控制台输出】验证码: Z@example.com -> 261520
2月 26, 2026 4:59:49 下午 com.yeahmobi.everything.auth.AuthServiceImpl sendVerificationCode
信息: 【EmailService 未配置，控制台输出】验证码: JAO@corp.io -> 475722
2月 26, 2026 4:59:49 下午 com.yeahmobi.everything.auth.AuthServiceImpl sendVerificationCode
信息: 【EmailService 未配置，控制台输出】验证码: xP@yeahmobi.com -> 661302
2月 26, 2026 4:59:49 下午 com.yeahmobi.everything.auth.AuthServiceImpl sendVerificationCode
信息: 【EmailService 未配置，控制台输出】验证码: Z@example.com -> 105391
2月 26, 2026 4:59:49 下午 com.yeahmobi.everything.auth.AuthServiceImpl sendVerificationCode
信息: 【EmailService 未配置，控制台输出】验证码: TmFoESzWx@example.com -> 781626
2月 26, 2026 4:59:49 下午 com.yeahmobi.everything.auth.AuthServiceImpl sendVerificationCode
信息: 【EmailService 未配置，控制台输出】验证码: uS@yeahmobi.com -> 983323
2月 26, 2026 4:59:49 下午 com.yeahmobi.everything.auth.AuthServiceImpl sendVerificationCode
信息: 【EmailService 未配置，控制台输出】验证码: A@example.com -> 164813
2月 26, 2026 4:59:49 下午 com.yeahmobi.everything.auth.AuthServiceImpl sendVerificationCode
信息: 【EmailService 未配置，控制台输出】验证码: h1pj@example.com -> 388009
2月 26, 2026 4:59:49 下午 com.yeahmobi.everything.auth.AuthServiceImpl sendVerificationCode
信息: 【EmailService 未配置，控制台输出】验证码: A@example.com -> 629738
2月 26, 2026 4:59:49 下午 com.yeahmobi.everything.auth.AuthServiceImpl sendVerificationCode
信息: 【EmailService 未配置，控制台输出】验证码: 8JZRMa0@corp.io -> 408502
2月 26, 2026 4:59:49 下午 com.yeahmobi.everything.auth.AuthServiceImpl sendVerificationCode
信息: 【EmailService 未配置，控制台输出】验证码: EYcwQvE@yeahmobi.com -> 164849
2月 26, 2026 4:59:49 下午 com.yeahmobi.everything.auth.AuthServiceImpl sendVerificationCode
信息: 【EmailService 未配置，控制台输出】验证码: 6n@mail.cn -> 446506
2月 26, 2026 4:59:49 下午 com.yeahmobi.everything.auth.AuthServiceImpl sendVerificationCode
信息: 【EmailService 未配置，控制台输出】验证码: n53To2o@yeahmobi.com -> 986190
2月 26, 2026 4:59:49 下午 com.yeahmobi.everything.auth.AuthServiceImpl sendVerificationCode
信息: 【EmailService 未配置，控制台输出】验证码: A@example.com -> 959096
2月 26, 2026 4:59:49 下午 com.yeahmobi.everything.auth.AuthServiceImpl sendVerificationCode
信息: 【EmailService 未配置，控制台输出】验证码: A@mail.cn -> 361853
2月 26, 2026 4:59:49 下午 com.yeahmobi.everything.auth.AuthServiceImpl sendVerificationCode
信息: 【EmailService 未配置，控制台输出】验证码: mm@example.com -> 293264
2月 26, 2026 4:59:49 下午 com.yeahmobi.everything.auth.AuthServiceImpl sendVerificationCode
信息: 【EmailService 未配置，控制台输出】验证码: j0ju@yeahmobi.com -> 984423
2月 26, 2026 4:59:49 下午 com.yeahmobi.everything.auth.AuthServiceImpl sendVerificationCode
信息: 【EmailService 未配置，控制台输出】验证码: A@mail.cn -> 635364
2月 26, 2026 4:59:49 下午 com.yeahmobi.everything.auth.AuthServiceImpl sendVerificationCode
信息: 【EmailService 未配置，控制台输出】验证码: z@example.com -> 929007
2月 26, 2026 4:59:49 下午 com.yeahmobi.everything.auth.AuthServiceImpl sendVerificationCode
信息: 【EmailService 未配置，控制台输出】验证码: 4NXTwH@yeahmobi.com -> 903948
2月 26, 2026 4:59:49 下午 com.yeahmobi.everything.auth.AuthServiceImpl sendVerificationCode
信息: 【EmailService 未配置，控制台输出】验证码: P@corp.io -> 303952
2月 26, 2026 4:59:49 下午 com.yeahmobi.everything.auth.AuthServiceImpl sendVerificationCode
信息: 【EmailService 未配置，控制台输出】验证码: ZBxMuFhk5XqpagqJDiOR@test.org -> 651250
2月 26, 2026 4:59:49 下午 com.yeahmobi.everything.auth.AuthServiceImpl sendVerificationCode
信息: 【EmailService 未配置，控制台输出】验证码: 0@mail.cn -> 598482
2月 26, 2026 4:59:49 下午 com.yeahmobi.everything.auth.AuthServiceImpl sendVerificationCode
信息: 【EmailService 未配置，控制台输出】验证码: zpOzoAaYSTVi8UHDYxNE@example.com -> 943386
2月 26, 2026 4:59:49 下午 com.yeahmobi.everything.auth.AuthServiceImpl sendVerificationCode
信息: 【EmailService 未配置，控制台输出】验证码: tYklK@mail.cn -> 672042
2月 26, 2026 4:59:49 下午 com.yeahmobi.everything.auth.AuthServiceImpl sendVerificationCode
信息: 【EmailService 未配置，控制台输出】验证码: nNUX7v43Tit@yeahmobi.com -> 763232
2月 26, 2026 4:59:49 下午 com.yeahmobi.everything.auth.AuthServiceImpl sendVerificationCode
信息: 【EmailService 未配置，控制台输出】验证码: is@corp.io -> 156251
2月 26, 2026 4:59:49 下午 com.yeahmobi.everything.auth.AuthServiceImpl sendVerificationCode
信息: 【EmailService 未配置，控制台输出】验证码: a@example.com -> 112727
2月 26, 2026 4:59:49 下午 com.yeahmobi.everything.auth.AuthServiceImpl sendVerificationCode
信息: 【EmailService 未配置，控制台输出】验证码: DGxAFudAy6@corp.io -> 446086
2月 26, 2026 4:59:49 下午 com.yeahmobi.everything.auth.AuthServiceImpl sendVerificationCode
信息: 【EmailService 未配置，控制台输出】验证码: fCOE9WFPWk@mail.cn -> 187074
2月 26, 2026 4:59:49 下午 com.yeahmobi.everything.auth.AuthServiceImpl sendVerificationCode
信息: 【EmailService 未配置，控制台输出】验证码: vpBRdI@corp.io -> 912436
2月 26, 2026 4:59:49 下午 com.yeahmobi.everything.auth.AuthServiceImpl sendVerificationCode
信息: 【EmailService 未配置，控制台输出】验证码: N8HY5ShAgL@example.com -> 695108
2月 26, 2026 4:59:49 下午 com.yeahmobi.everything.auth.AuthServiceImpl sendVerificationCode
信息: 【EmailService 未配置，控制台输出】验证码: A@mail.cn -> 545670
2月 26, 2026 4:59:49 下午 com.yeahmobi.everything.auth.AuthServiceImpl sendVerificationCode
信息: 【EmailService 未配置，控制台输出】验证码: xK@corp.io -> 914943
2月 26, 2026 4:59:49 下午 com.yeahmobi.everything.auth.AuthServiceImpl sendVerificationCode
信息: 【EmailService 未配置，控制台输出】验证码: 2LEm@test.org -> 237697
2月 26, 2026 4:59:49 下午 com.yeahmobi.everything.auth.AuthServiceImpl sendVerificationCode
信息: 【EmailService 未配置，控制台输出】验证码: IUZlR6DoaC@mail.cn -> 298288
2月 26, 2026 4:59:49 下午 com.yeahmobi.everything.auth.AuthServiceImpl sendVerificationCode
信息: 【EmailService 未配置，控制台输出】验证码: 9qchiy1EAVIdUnBVmy3@mail.cn -> 678391
2月 26, 2026 4:59:49 下午 com.yeahmobi.everything.auth.AuthServiceImpl sendVerificationCode
信息: 【EmailService 未配置，控制台输出】验证码: MlltgysPqZGMj7Iyn003@mail.cn -> 880600
2月 26, 2026 4:59:49 下午 com.yeahmobi.everything.auth.AuthServiceImpl sendVerificationCode
信息: 【EmailService 未配置，控制台输出】验证码: DdEtEZ@corp.io -> 607827
2月 26, 2026 4:59:49 下午 com.yeahmobi.everything.auth.AuthServiceImpl sendVerificationCode
信息: 【EmailService 未配置，控制台输出】验证码: hTjwk2I@mail.cn -> 166988
2月 26, 2026 4:59:49 下午 com.yeahmobi.everything.auth.AuthServiceImpl sendVerificationCode
信息: 【EmailService 未配置，控制台输出】验证码: 9@mail.cn -> 656708
2月 26, 2026 4:59:49 下午 com.yeahmobi.everything.auth.AuthServiceImpl sendVerificationCode
信息: 【EmailService 未配置，控制台输出】验证码: kvEZNaC@yeahmobi.com -> 758745
2月 26, 2026 4:59:49 下午 com.yeahmobi.everything.auth.AuthServiceImpl sendVerificationCode
信息: 【EmailService 未配置，控制台输出】验证码: Bn@corp.io -> 878503
2月 26, 2026 4:59:49 下午 com.yeahmobi.everything.auth.AuthServiceImpl sendVerificationCode
信息: 【EmailService 未配置，控制台输出】验证码: Rdrj@mail.cn -> 465153
2月 26, 2026 4:59:49 下午 com.yeahmobi.everything.auth.AuthServiceImpl sendVerificationCode
信息: 【EmailService 未配置，控制台输出】验证码: RnKhScitMhV@mail.cn -> 334498
2月 26, 2026 4:59:49 下午 com.yeahmobi.everything.auth.AuthServiceImpl sendVerificationCode
信息: 【EmailService 未配置，控制台输出】验证码: D@yeahmobi.com -> 626108
2月 26, 2026 4:59:49 下午 com.yeahmobi.everything.auth.AuthServiceImpl sendVerificationCode
信息: 【EmailService 未配置，控制台输出】验证码: Rm49cRh4zRm@example.com -> 620055
2月 26, 2026 4:59:49 下午 com.yeahmobi.everything.auth.AuthServiceImpl sendVerificationCode
信息: 【EmailService 未配置，控制台输出】验证码: TyBUhcww@yeahmobi.com -> 208885
2月 26, 2026 4:59:49 下午 com.yeahmobi.everything.auth.AuthServiceImpl sendVerificationCode
信息: 【EmailService 未配置，控制台输出】验证码: j6VWOC2KPFs@yeahmobi.com -> 601390
2月 26, 2026 4:59:49 下午 com.yeahmobi.everything.auth.AuthServiceImpl sendVerificationCode
信息: 【EmailService 未配置，控制台输出】验证码: 0@example.com -> 456514
2月 26, 2026 4:59:49 下午 com.yeahmobi.everything.auth.AuthServiceImpl sendVerificationCode
信息: 【EmailService 未配置，控制台输出】验证码: OO@example.com -> 678156
2月 26, 2026 4:59:49 下午 com.yeahmobi.everything.auth.AuthServiceImpl sendVerificationCode
信息: 【EmailService 未配置，控制台输出】验证码: ctI6McYQ7Lv@corp.io -> 364515
2月 26, 2026 4:59:49 下午 com.yeahmobi.everything.auth.AuthServiceImpl sendVerificationCode
信息: 【EmailService 未配置，控制台输出】验证码: z@mail.cn -> 160625
2月 26, 2026 4:59:49 下午 com.yeahmobi.everything.auth.AuthServiceImpl sendVerificationCode
信息: 【EmailService 未配置，控制台输出】验证码: A@mail.cn -> 169889
2月 26, 2026 4:59:49 下午 com.yeahmobi.everything.auth.AuthServiceImpl sendVerificationCode
信息: 【EmailService 未配置，控制台输出】验证码: lV3Mh@yeahmobi.com -> 290477
2月 26, 2026 4:59:49 下午 com.yeahmobi.everything.auth.AuthServiceImpl sendVerificationCode
信息: 【EmailService 未配置，控制台输出】验证码: 3h0JiDM@yeahmobi.com -> 513084
2月 26, 2026 4:59:49 下午 com.yeahmobi.everything.auth.AuthServiceImpl sendVerificationCode
信息: 【EmailService 未配置，控制台输出】验证码: 7MHBipHHL7tmkr@yeahmobi.com -> 781850
2月 26, 2026 4:59:49 下午 com.yeahmobi.everything.auth.AuthServiceImpl sendVerificationCode
信息: 【EmailService 未配置，控制台输出】验证码: Sle4@example.com -> 806057
2月 26, 2026 4:59:49 下午 com.yeahmobi.everything.auth.AuthServiceImpl sendVerificationCode
信息: 【EmailService 未配置，控制台输出】验证码: ViiDqD@corp.io -> 181664
2月 26, 2026 4:59:49 下午 com.yeahmobi.everything.auth.AuthServiceImpl sendVerificationCode
信息: 【EmailService 未配置，控制台输出】验证码: eDXJn@yeahmobi.com -> 422436
2月 26, 2026 4:59:49 下午 com.yeahmobi.everything.auth.AuthServiceImpl sendVerificationCode
信息: 【EmailService 未配置，控制台输出】验证码: A@mail.cn -> 864144
2月 26, 2026 4:59:49 下午 com.yeahmobi.everything.auth.AuthServiceImpl sendVerificationCode
信息: 【EmailService 未配置，控制台输出】验证码: e5pTO6Z0tp@example.com -> 548193
2月 26, 2026 4:59:49 下午 com.yeahmobi.everything.auth.AuthServiceImpl sendVerificationCode
信息: 【EmailService 未配置，控制台输出】验证码: fbhCA2@test.org -> 479374
2月 26, 2026 4:59:49 下午 com.yeahmobi.everything.auth.AuthServiceImpl sendVerificationCode
信息: 【EmailService 未配置，控制台输出】验证码: Z2WouEyLd@corp.io -> 361226
2月 26, 2026 4:59:49 下午 com.yeahmobi.everything.auth.AuthServiceImpl sendVerificationCode
信息: 【EmailService 未配置，控制台输出】验证码: IMTr@mail.cn -> 366516
2月 26, 2026 4:59:49 下午 com.yeahmobi.everything.auth.AuthServiceImpl sendVerificationCode
信息: 【EmailService 未配置，控制台输出】验证码: 9fvC41XfaR@example.com -> 977912
2月 26, 2026 4:59:49 下午 com.yeahmobi.everything.auth.AuthServiceImpl sendVerificationCode
信息: 【EmailService 未配置，控制台输出】验证码: XFHKBX3@yeahmobi.com -> 442671
2月 26, 2026 4:59:49 下午 com.yeahmobi.everything.auth.AuthServiceImpl sendVerificationCode
信息: 【EmailService 未配置，控制台输出】验证码: yuj7c@example.com -> 135288
2月 26, 2026 4:59:49 下午 com.yeahmobi.everything.auth.AuthServiceImpl sendVerificationCode
信息: 【EmailService 未配置，控制台输出】验证码: Z@mail.cn -> 163236
2月 26, 2026 4:59:49 下午 com.yeahmobi.everything.auth.AuthServiceImpl sendVerificationCode
信息: 【EmailService 未配置，控制台输出】验证码: A@mail.cn -> 104228
2月 26, 2026 4:59:49 下午 com.yeahmobi.everything.auth.AuthServiceImpl sendVerificationCode
信息: 【EmailService 未配置，控制台输出】验证码: t6@test.org -> 870717
2月 26, 2026 4:59:49 下午 com.yeahmobi.everything.auth.AuthServiceImpl sendVerificationCode
信息: 【EmailService 未配置，控制台输出】验证码: Rp8w38@corp.io -> 526173
2月 26, 2026 4:59:49 下午 com.yeahmobi.everything.auth.AuthServiceImpl sendVerificationCode
信息: 【EmailService 未配置，控制台输出】验证码: Qwzl2c@yeahmobi.com -> 559578
2月 26, 2026 4:59:49 下午 com.yeahmobi.everything.auth.AuthServiceImpl sendVerificationCode
信息: 【EmailService 未配置，控制台输出】验证码: 0hamBG9T2Ckve@example.com -> 572020
2月 26, 2026 4:59:49 下午 com.yeahmobi.everything.auth.AuthServiceImpl sendVerificationCode
信息: 【EmailService 未配置，控制台输出】验证码: rgSmJ@example.com -> 364503
2月 26, 2026 4:59:49 下午 com.yeahmobi.everything.auth.AuthServiceImpl sendVerificationCode
信息: 【EmailService 未配置，控制台输出】验证码: T6Y75Xy@yeahmobi.com -> 364076
2月 26, 2026 4:59:49 下午 com.yeahmobi.everything.auth.AuthServiceImpl sendVerificationCode
信息: 【EmailService 未配置，控制台输出】验证码: 0@mail.cn -> 659880
2月 26, 2026 4:59:49 下午 com.yeahmobi.everything.auth.AuthServiceImpl sendVerificationCode
信息: 【EmailService 未配置，控制台输出】验证码: 4bhKygGE@corp.io -> 622104
2月 26, 2026 4:59:49 下午 com.yeahmobi.everything.auth.AuthServiceImpl sendVerificationCode
信息: 【EmailService 未配置，控制台输出】验证码: Z@mail.cn -> 247250
2月 26, 2026 4:59:49 下午 com.yeahmobi.everything.auth.AuthServiceImpl sendVerificationCode
信息: 【EmailService 未配置，控制台输出】验证码: IWz7@corp.io -> 172949
2月 26, 2026 4:59:49 下午 com.yeahmobi.everything.auth.AuthServiceImpl sendVerificationCode
信息: 【EmailService 未配置，控制台输出】验证码: r3sAUsfkHQ@yeahmobi.com -> 414330
]]></system-err>
  </testcase>
</testsuite>